<?xml version="1.0" encoding="UTF-8"?>
<!-- Generated by org.testng.reporters.JUnitReportReporter -->
<testsuite hostname="DESKTOP-KL4T4AH" failures="0" tests="1" name="com.selenium.realproject.Calender_example" time="28.533" errors="0" timestamp="2021-02-22T09:37:54 IST" skipped="0">
  <testcase classname="com.selenium.realproject.Calender_example" name="Select_Date" time="28.533"/>
  <system-out/>
</testsuite> <!-- com.selenium.realproject.Calender_example -->
