<?xml version="1.0" encoding="UTF-8"?>
<!-- Generated by org.testng.reporters.JUnitReportReporter -->
<testsuite hostname="DESKTOP-KL4T4AH" failures="0" tests="1" name="com.selenium.test.ExtentReport_TestNG" time="16.978" errors="0" timestamp="2021-02-09T16:06:31 IST" skipped="0">
  <testcase classname="com.selenium.test.ExtentReport_TestNG" name="test" time="16.978"/>
  <system-out/>
</testsuite> <!-- com.selenium.test.ExtentReport_TestNG -->
