<?xml version="1.0" encoding="UTF-8"?>
<!-- Generated by org.testng.reporters.JUnitReportReporter -->
<testsuite hostname="DESKTOP-KL4T4AH" failures="0" tests="1" name="com.selenium.demos.TakeScreenShot" time="17.775" errors="0" timestamp="2021-02-17T17:45:16 IST" skipped="0">
  <testcase classname="com.selenium.demos.TakeScreenShot" name="Take_ss" time="17.775"/>
  <system-out/>
</testsuite> <!-- com.selenium.demos.TakeScreenShot -->
