<?xml version="1.0" encoding="UTF-8"?>
<!-- Generated by org.testng.reporters.JUnitReportReporter -->
<testsuite hostname="DESKTOP-KL4T4AH" failures="0" tests="1" name="com.selenium.test.Test1" time="6.848" errors="0" timestamp="2021-02-12T16:36:00 IST" skipped="0">
  <testcase classname="com.selenium.test.Test1" name="test1" time="6.848"/>
  <system-out/>
</testsuite> <!-- com.selenium.test.Test1 -->
