<?xml version="1.0" encoding="UTF-8"?>
<!-- Generated by org.testng.reporters.JUnitReportReporter -->
<testsuite hostname="DESKTOP-KL4T4AH" failures="0" tests="3" name="com.selenium.test.GroupingTestNg_Demo" time="0.076" errors="0" timestamp="2021-02-12T15:03:42 IST" skipped="0">
  <testcase classname="com.selenium.test.GroupingTestNg_Demo" name="test4" time="0.006"/>
  <system-out/>
  <testcase classname="com.selenium.test.GroupingTestNg_Demo" name="test2" time="0.060"/>
  <system-out/>
  <testcase classname="com.selenium.test.GroupingTestNg_Demo" name="test3" time="0.010"/>
  <system-out/>
</testsuite> <!-- com.selenium.test.GroupingTestNg_Demo -->
