<?xml version="1.0" encoding="UTF-8"?>
<!-- Generated by org.testng.reporters.JUnitReportReporter -->
<testsuite hostname="DESKTOP-KL4T4AH" failures="0" tests="1" name="com.selenium.demos.VerifyTitle" time="15.380" errors="0" timestamp="2021-02-17T15:51:59 IST" skipped="0">
  <testcase classname="com.selenium.demos.VerifyTitle" name="verifyApplicationTitle" time="15.380"/>
  <system-out/>
</testsuite> <!-- com.selenium.demos.VerifyTitle -->
