<?xml version="1.0" encoding="UTF-8"?>
<!-- Generated by org.testng.reporters.JUnitReportReporter -->
<testsuite hostname="DESKTOP-KL4T4AH" failures="0" tests="1" name="com.selenium.demos.BootStrap" time="21.382" errors="0" timestamp="2021-02-18T15:18:40 IST" skipped="0">
  <testcase classname="com.selenium.demos.BootStrap" name="bootStrap_dialougewindow" time="21.382"/>
  <system-out/>
</testsuite> <!-- com.selenium.demos.BootStrap -->
