<?xml version="1.0" encoding="UTF-8"?>
<!-- Generated by org.testng.reporters.JUnitReportReporter -->
<testsuite hostname="DESKTOP-KL4T4AH" failures="0" tests="1" name="com.selenium.demos.Mouse_hover" time="39.218" errors="0" timestamp="2021-02-19T12:08:11 IST" skipped="0">
  <testcase classname="com.selenium.demos.Mouse_hover" name="mouseAction" time="39.218"/>
  <system-out/>
</testsuite> <!-- com.selenium.demos.Mouse_hover -->
