<?xml version="1.0" encoding="UTF-8"?>
<!-- Generated by org.testng.reporters.JUnitReportReporter -->
<testsuite hostname="DESKTOP-KL4T4AH" failures="0" tests="1" name="com.selenium.test.Testng_demo" time="5.140" errors="0" timestamp="2021-02-09T16:31:50 IST" skipped="0">
  <testcase classname="com.selenium.test.Testng_demo" name="google_search" time="5.140"/>
  <system-out/>
</testsuite> <!-- com.selenium.test.Testng_demo -->
