<?xml version="1.0" encoding="UTF-8"?>
<!-- Generated by org.testng.reporters.JUnitReportReporter -->
<testsuite hostname="DESKTOP-KL4T4AH" failures="0" tests="1" name="com.selenium.demos.Window_handle" time="29.991" errors="0" timestamp="2021-02-22T12:50:10 IST" skipped="0">
  <testcase classname="com.selenium.demos.Window_handle" name="Multiple_WindowHanle" time="29.991"/>
  <system-out/>
</testsuite> <!-- com.selenium.demos.Window_handle -->
